<?xml version="1.0" encoding="UTF-8"?>
<!-- Generated by org.testng.reporters.JUnitReportReporter -->
<testsuite skipped="0" hostname="LAPTOP-IS3DCPF8" name="Practice.TitleTest" tests="1" failures="0" timestamp="2022-11-07T18:17:25 IST" time="1.689" errors="0">
  <testcase name="Title" time="1.689" classname="Practice.TitleTest"/>
  <system-out/>
</testsuite> <!-- Practice.TitleTest -->
