<?xml version="1.0" encoding="UTF-8"?>
<!-- Generated by org.testng.reporters.JUnitReportReporter -->
<testsuite skipped="1" hostname="LAPTOP-IS3DCPF8" name="Practice.CreateCustomerTest" tests="8" failures="0" timestamp="2022-11-08T21:57:45 IST" time="0.017" errors="0">
  <testcase name="createCustomer" time="0.001" classname="Practice.CreateCustomerTest"/>
  <system-out/>
  <testcase name="createCustomer" time="0.002" classname="Practice.CreateCustomerTest"/>
  <system-out/>
  <testcase name="ModifyCustomer" time="0.009" classname="Practice.CreateCustomerTest"/>
  <system-out/>
  <testcase name="zModifyCustomer" time="0.002" classname="Practice.CreateCustomerTest"/>
  <system-out/>
  <testcase name="updateCustomer" time="0.001" classname="Practice.CreateCustomerTest"/>
  <system-out/>
  <testcase name="updateCustomer" time="0.001" classname="Practice.CreateCustomerTest"/>
  <system-out/>
  <testcase name="updateCustomer" time="0.001" classname="Practice.CreateCustomerTest"/>
  <system-out/>
  <testcase name="deleteCustomer" classname="Practice.CreateCustomerTest">
    <skipped/>
  </testcase> <!-- deleteCustomer -->
  <system-out/>
</testsuite> <!-- Practice.CreateCustomerTest -->
