<?xml version="1.0" encoding="UTF-8"?>
<!-- Generated by org.testng.reporters.JUnitReportReporter -->
<testsuite skipped="0" hostname="LAPTOP-IS3DCPF8" name="Practice.DataProviders" tests="3" failures="0" timestamp="2022-11-08T21:57:45 IST" time="0.005" errors="0">
  <testcase name="bookTicket" time="0.002" classname="Practice.DataProviders"/>
  <system-out/>
  <testcase name="bookTicket" time="0.001" classname="Practice.DataProviders"/>
  <system-out/>
  <testcase name="bookTicket" time="0.002" classname="Practice.DataProviders"/>
  <system-out/>
</testsuite> <!-- Practice.DataProviders -->
