<?xml version="1.0" encoding="UTF-8"?>
<!-- Generated by org.testng.reporters.JUnitReportReporter -->
<testsuite skipped="0" hostname="LAPTOP-IS3DCPF8" name="Titles.TitlesTest" tests="16" failures="0" timestamp="2022-11-09T10:41:56 IST" time="132.440" errors="0">
  <testcase name="sMSNotifier" time="8.002" classname="Titles.TitlesTest"/>
  <system-out/>
  <testcase name="homePageTitle" time="3.405" classname="Titles.TitlesTest"/>
  <system-out/>
  <testcase name="organizationTitle" time="8.518" classname="Titles.TitlesTest"/>
  <system-out/>
  <testcase name="sMSNotifier" time="8.780" classname="Titles.TitlesTest"/>
  <system-out/>
  <testcase name="sMSNotifier" time="10.581" classname="Titles.TitlesTest"/>
  <system-out/>
  <testcase name="organizationTitle" time="8.476" classname="Titles.TitlesTest"/>
  <system-out/>
  <testcase name="contacts" time="8.759" classname="Titles.TitlesTest"/>
  <system-out/>
  <testcase name="contacts" time="9.769" classname="Titles.TitlesTest"/>
  <system-out/>
  <testcase name="homePageTitle" time="5.526" classname="Titles.TitlesTest"/>
  <system-out/>
  <testcase name="organizationTitle" time="11.516" classname="Titles.TitlesTest"/>
  <system-out/>
  <testcase name="homePageTitle" time="4.208" classname="Titles.TitlesTest"/>
  <system-out/>
  <testcase name="organizationTitle" time="8.581" classname="Titles.TitlesTest"/>
  <system-out/>
  <testcase name="contacts" time="8.547" classname="Titles.TitlesTest"/>
  <system-out/>
  <testcase name="homePageTitle" time="6.751" classname="Titles.TitlesTest"/>
  <system-out/>
  <testcase name="sMSNotifier" time="11.421" classname="Titles.TitlesTest"/>
  <system-out/>
  <testcase name="contacts" time="9.600" classname="Titles.TitlesTest"/>
  <system-out/>
</testsuite> <!-- Titles.TitlesTest -->
